The system is: Windows - 10.0.19045 - AMD64
Compiling the C compiler identification source file "CMakeCCompilerId.c" succeeded.
Compiler: C:/Program Files/Microsoft Visual Studio/2022/Community/VC/Tools/MSVC/14.33.31629/bin/HostX64/x64/cl.exe 
Build flags: 
Id flags:  

The output was:
0
Microsoft (R) C/C++ Optimizing Compiler Version 19.33.31631 for x64
Copyright (C) Microsoft Corporation.  All rights reserved.

CMakeCCompilerId.c
Microsoft (R) Incremental Linker Version 14.33.31631.0
Copyright (C) Microsoft Corporation.  All rights reserved.

/out:CMakeCCompilerId.exe 
CMakeCCompilerId.obj 


Compilation of the C compiler identification source "CMakeCCompilerId.c" produced "CMakeCCompilerId.exe"

Compilation of the C compiler identification source "CMakeCCompilerId.c" produced "CMakeCCompilerId.obj"

The C compiler identification is MSVC, found in "F:/Course/fem/BUILD/release/CMakeFiles/3.24.2/CompilerIdC/CMakeCCompilerId.exe"

Compiling the CXX compiler identification source file "CMakeCXXCompilerId.cpp" succeeded.
Compiler: C:/Program Files/Microsoft Visual Studio/2022/Community/VC/Tools/MSVC/14.33.31629/bin/HostX64/x64/cl.exe 
Build flags: 
Id flags:  

The output was:
0
Microsoft (R) C/C++ Optimizing Compiler Version 19.33.31631 for x64
Copyright (C) Microsoft Corporation.  All rights reserved.

CMakeCXXCompilerId.cpp
Microsoft (R) Incremental Linker Version 14.33.31631.0
Copyright (C) Microsoft Corporation.  All rights reserved.

/out:CMakeCXXCompilerId.exe 
CMakeCXXCompilerId.obj 


Compilation of the CXX compiler identification source "CMakeCXXCompilerId.cpp" produced "CMakeCXXCompilerId.exe"

Compilation of the CXX compiler identification source "CMakeCXXCompilerId.cpp" produced "CMakeCXXCompilerId.obj"

The CXX compiler identification is MSVC, found in "F:/Course/fem/BUILD/release/CMakeFiles/3.24.2/CompilerIdCXX/CMakeCXXCompilerId.exe"

Detecting C compiler ABI info compiled with the following output:
Change Dir: F:/Course/fem/BUILD/release/CMakeFiles/CMakeTmp

Run Build Command(s):C:/mingw64/bin/ninja.exe cmTC_db777 && [1/2] Building C object CMakeFiles\cmTC_db777.dir\CMakeCCompilerABI.c.obj
[2/2] Linking C executable cmTC_db777.exe



Detecting CXX compiler ABI info compiled with the following output:
Change Dir: F:/Course/fem/BUILD/release/CMakeFiles/CMakeTmp

Run Build Command(s):C:/mingw64/bin/ninja.exe cmTC_7feff && [1/2] Building CXX object CMakeFiles\cmTC_7feff.dir\CMakeCXXCompilerABI.cpp.obj
[2/2] Linking CXX executable cmTC_7feff.exe



Performing C++ SOURCE FILE Test standard_math_library_linked_to_automatically succeeded with the following output:
Change Dir: F:/Course/fem/BUILD/release/CMakeFiles/CMakeTmp

Run Build Command(s):C:/mingw64/bin/ninja.exe cmTC_68a53 && [1/2] Building CXX object CMakeFiles\cmTC_68a53.dir\src.cxx.obj
[2/2] Linking CXX executable cmTC_68a53.exe


Source file was:

#include<cmath>
int main(int argc, char **){
  return int(std::sin(double(argc)) + std::log(double(argc)));
}
Performing C++ SOURCE FILE Test COMPILER_SUPPORT_OPENMP succeeded with the following output:
Change Dir: F:/Course/fem/BUILD/release/CMakeFiles/CMakeTmp

Run Build Command(s):C:/mingw64/bin/ninja.exe cmTC_36c48 && [1/2] Building CXX object CMakeFiles\cmTC_36c48.dir\src.cxx.obj
[2/2] Linking CXX executable cmTC_36c48.exe


Source file was:
int main() { return 0; }
Looking for a Fortran compiler passed with the following output:
-- The Fortran compiler identification is GNU 12.2.0
-- Detecting Fortran compiler ABI info
-- Detecting Fortran compiler ABI info - done
-- Check for working Fortran compiler: C:/mingw64/bin/gfortran.exe - skipped
-- Configuring done
-- Generating done
-- Build files have been written to: F:/Course/fem/BUILD/release/test/CMakeFiles/CheckFortran

Compiling the Fortran compiler identification source file "CMakeFortranCompilerId.F" succeeded.
Compiler: C:/mingw64/bin/gfortran.exe 
Build flags: 
Id flags: -v 

The output was:
0
Driving: C:/mingw64/bin/gfortran.exe -v CMakeFortranCompilerId.F -l gfortran -shared-libgcc
Using built-in specs.
COLLECT_GCC=C:/mingw64/bin/gfortran.exe
COLLECT_LTO_WRAPPER=c:/mingw64/bin/../libexec/gcc/x86_64-w64-mingw32/12.2.0/lto-wrapper.exe
OFFLOAD_TARGET_NAMES=nvptx-none
Target: x86_64-w64-mingw32
Configured with: ../configure --prefix=/r/winlibs64-11.3.0ucrt/2604.gcc/inst_gcc-12.2.0/share/gcc --build=x86_64-w64-mingw32 --host=x86_64-w64-mingw32 --enable-offload-targets=nvptx-none --with-pkgversion='MinGW-W64 x86_64-ucrt-posix-seh, built by Brecht Sanders' --with-tune=generic --enable-checking=release --enable-threads=posix --disable-sjlj-exceptions --disable-libunwind-exceptions --disable-serial-configure --disable-bootstrap --enable-host-shared --enable-plugin --disable-default-ssp --disable-rpath --disable-libstdcxx-debug --disable-version-specific-runtime-libs --with-stabs --disable-symvers --enable-languages=c,c++,fortran,lto,objc,obj-c++,jit --disable-gold --disable-nls --disable-stage1-checking --disable-win32-registry --disable-multilib --enable-ld --enable-libquadmath --enable-libada --enable-libssp --enable-libstdcxx --enable-lto --enable-fully-dynamic-string --enable-libgomp --enable-graphite --enable-mingw-wildcard --enable-libstdcxx-time --disable-libstdcxx-pch --with-mpc=/e/Prog/winlibs64-11.3.0ucrt/custombuilt --with-mpfr=/e/Prog/winlibs64-11.3.0ucrt/custombuilt --with-gmp=/e/Prog/winlibs64-11.3.0ucrt/custombuilt --with-isl=/e/Prog/winlibs64-11.3.0ucrt/custombuilt --enable-libstdcxx-backtrace --enable-install-libiberty --enable-__cxa_atexit --without-included-gettext --with-diagnostics-color=auto --enable-clocale=generic --with-libiconv --with-system-zlib --with-build-sysroot=/r/winlibs64-11.3.0ucrt/2604.gcc/gcc-12.2.0/build_mingw/mingw-w64 CFLAGS='-I/e/Prog/winlibs64-11.3.0ucrt/custombuilt/include/libdl-win32 -D__USE_MINGW_ACCESS' CXXFLAGS=-D__USE_MINGW_ACCESS LDFLAGS='-Wl,--disable-nxcompat -Wl,--disable-high-entropy-va -Wl,--disable-dynamicbase'
Thread model: posix
Supported LTO compression algorithms: zlib zstd
gcc version 12.2.0 (MinGW-W64 x86_64-ucrt-posix-seh, built by Brecht Sanders) 
COLLECT_GCC_OPTIONS='-v' '-shared-libgcc' '-mtune=generic' '-march=x86-64' '-dumpdir' 'a-'
 c:/mingw64/bin/../libexec/gcc/x86_64-w64-mingw32/12.2.0/f951.exe CMakeFortranCompilerId.F -ffixed-form -cpp=C:\Users\sunrise\AppData\Local\Temp\ccndZnyN.f90 -quiet -v -iprefix c:\mingw64\bin\../lib/gcc/x86_64-w64-mingw32/12.2.0/ -D_REENTRANT CMakeFortranCompilerId.F -quiet -dumpdir a- -dumpbase CMakeFortranCompilerId.F -dumpbase-ext .F -mtune=generic -march=x86-64 -version -fintrinsic-modules-path c:/mingw64/bin/../lib/gcc/x86_64-w64-mingw32/12.2.0/finclude -o C:\Users\sunrise\AppData\Local\Temp\ccGHyzQq.s
GNU Fortran (MinGW-W64 x86_64-ucrt-posix-seh, built by Brecht Sanders) version 12.2.0 (x86_64-w64-mingw32)
	compiled by GNU C version 12.2.0, GMP version 6.2.1, MPFR version 4.1.0, MPC version 1.2.1, isl version UNKNOWN-GMP

GGC heuristics: --param ggc-min-expand=100 --param ggc-min-heapsize=131072
ignoring duplicate directory "c:/mingw64/lib/gcc/../../lib/gcc/x86_64-w64-mingw32/12.2.0/include"
ignoring nonexistent directory "R:/winlibs64-11.3.0ucrt/2604.gcc/inst_gcc-12.2.0/share/gcc/include"
ignoring nonexistent directory "/r/winlibs64-11.3.0ucrt/2604.gcc/inst_gcc-12.2.0/share/gcc/include"
ignoring duplicate directory "c:/mingw64/lib/gcc/../../lib/gcc/x86_64-w64-mingw32/12.2.0/include-fixed"
ignoring duplicate directory "c:/mingw64/lib/gcc/../../lib/gcc/x86_64-w64-mingw32/12.2.0/../../../../x86_64-w64-mingw32/include"
ignoring nonexistent directory "/mingw/include"
#include "..." search starts here:
#include <...> search starts here:
 c:/mingw64/bin/../lib/gcc/x86_64-w64-mingw32/12.2.0/finclude
 c:\mingw64\bin\../lib/gcc/x86_64-w64-mingw32/12.2.0/include
 c:\mingw64\bin\../lib/gcc/x86_64-w64-mingw32/12.2.0/../../../../include
 c:\mingw64\bin\../lib/gcc/x86_64-w64-mingw32/12.2.0/include-fixed
 c:\mingw64\bin\../lib/gcc/x86_64-w64-mingw32/12.2.0/../../../../x86_64-w64-mingw32/include
End of search list.
GNU Fortran2008 (MinGW-W64 x86_64-ucrt-posix-seh, built by Brecht Sanders) version 12.2.0 (x86_64-w64-mingw32)
	compiled by GNU C version 12.2.0, GMP version 6.2.1, MPFR version 4.1.0, MPC version 1.2.1, isl version UNKNOWN-GMP

GGC heuristics: --param ggc-min-expand=100 --param ggc-min-heapsize=131072
COLLECT_GCC_OPTIONS='-v' '-shared-libgcc' '-mtune=generic' '-march=x86-64' '-dumpdir' 'a-'
 c:/mingw64/bin/../lib/gcc/x86_64-w64-mingw32/12.2.0/../../../../x86_64-w64-mingw32/bin/as.exe -v -o C:\Users\sunrise\AppData\Local\Temp\ccVvjJh9.o C:\Users\sunrise\AppData\Local\Temp\ccGHyzQq.s
GNU assembler version 2.39 (x86_64-w64-mingw32) using BFD version (Binutils for MinGW-W64 x86_64, built by Brecht Sanders) 2.39
Reading specs from c:/mingw64/bin/../lib/gcc/x86_64-w64-mingw32/12.2.0/../../../../lib/libgfortran.spec
rename spec lib to liborig
COLLECT_GCC_OPTIONS='-v' '-shared-libgcc' '-mtune=generic' '-march=x86-64' '-dumpdir' 'a-'
COMPILER_PATH=c:/mingw64/bin/../libexec/gcc/x86_64-w64-mingw32/12.2.0/;c:/mingw64/bin/../libexec/gcc/;c:/mingw64/bin/../lib/gcc/x86_64-w64-mingw32/12.2.0/../../../../x86_64-w64-mingw32/bin/
LIBRARY_PATH=c:/mingw64/bin/../lib/gcc/x86_64-w64-mingw32/12.2.0/;c:/mingw64/bin/../lib/gcc/;c:/mingw64/bin/../lib/gcc/x86_64-w64-mingw32/12.2.0/../../../../x86_64-w64-mingw32/lib/../lib/;c:/mingw64/bin/../lib/gcc/x86_64-w64-mingw32/12.2.0/../../../../lib/;c:/mingw64/bin/../lib/gcc/x86_64-w64-mingw32/12.2.0/../../../../x86_64-w64-mingw32/lib/;c:/mingw64/bin/../lib/gcc/x86_64-w64-mingw32/12.2.0/../../../
COLLECT_GCC_OPTIONS='-v' '-shared-libgcc' '-mtune=generic' '-march=x86-64' '-dumpdir' 'a.'
 c:/mingw64/bin/../libexec/gcc/x86_64-w64-mingw32/12.2.0/collect2.exe -plugin c:/mingw64/bin/../libexec/gcc/x86_64-w64-mingw32/12.2.0/liblto_plugin.dll -plugin-opt=c:/mingw64/bin/../libexec/gcc/x86_64-w64-mingw32/12.2.0/lto-wrapper.exe -plugin-opt=-fresolution=C:\Users\sunrise\AppData\Local\Temp\ccKScZbT.res -plugin-opt=-pass-through=-lmingw32 -plugin-opt=-pass-through=-lgcc_s -plugin-opt=-pass-through=-lgcc -plugin-opt=-pass-through=-lmoldname -plugin-opt=-pass-through=-lmingwex -plugin-opt=-pass-through=-lmsvcrt -plugin-opt=-pass-through=-lkernel32 -plugin-opt=-pass-through=-lquadmath -plugin-opt=-pass-through=-lm -plugin-opt=-pass-through=-lmingw32 -plugin-opt=-pass-through=-lgcc_s -plugin-opt=-pass-through=-lgcc -plugin-opt=-pass-through=-lmoldname -plugin-opt=-pass-through=-lmingwex -plugin-opt=-pass-through=-lmsvcrt -plugin-opt=-pass-through=-lkernel32 -plugin-opt=-pass-through=-lpthread -plugin-opt=-pass-through=-ladvapi32 -plugin-opt=-pass-through=-lshell32 -plugin-opt=-pass-through=-luser32 -plugin-opt=-pass-through=-lkernel32 -plugin-opt=-pass-through=-lmingw32 -plugin-opt=-pass-through=-lgcc_s -plugin-opt=-pass-through=-lgcc -plugin-opt=-pass-through=-lmoldname -plugin-opt=-pass-through=-lmingwex -plugin-opt=-pass-through=-lmsvcrt -plugin-opt=-pass-through=-lkernel32 -m i386pep -Bdynamic c:/mingw64/bin/../lib/gcc/x86_64-w64-mingw32/12.2.0/../../../../x86_64-w64-mingw32/lib/../lib/crt2.o c:/mingw64/bin/../lib/gcc/x86_64-w64-mingw32/12.2.0/crtbegin.o -Lc:/mingw64/bin/../lib/gcc/x86_64-w64-mingw32/12.2.0 -Lc:/mingw64/bin/../lib/gcc -Lc:/mingw64/bin/../lib/gcc/x86_64-w64-mingw32/12.2.0/../../../../x86_64-w64-mingw32/lib/../lib -Lc:/mingw64/bin/../lib/gcc/x86_64-w64-mingw32/12.2.0/../../../../lib -Lc:/mingw64/bin/../lib/gcc/x86_64-w64-mingw32/12.2.0/../../../../x86_64-w64-mingw32/lib -Lc:/mingw64/bin/../lib/gcc/x86_64-w64-mingw32/12.2.0/../../.. C:\Users\sunrise\AppData\Local\Temp\ccVvjJh9.o -lgfortran -lmingw32 -lgcc_s -lgcc -lmoldname -lmingwex -lmsvcrt -lkernel32 -lquadmath -lm -lmingw32 -lgcc_s -lgcc -lmoldname -lmingwex -lmsvcrt -lkernel32 -lpthread -ladvapi32 -lshell32 -luser32 -lkernel32 -lmingw32 -lgcc_s -lgcc -lmoldname -lmingwex -lmsvcrt -lkernel32 c:/mingw64/bin/../lib/gcc/x86_64-w64-mingw32/12.2.0/crtend.o
COLLECT_GCC_OPTIONS='-v' '-shared-libgcc' '-mtune=generic' '-march=x86-64' '-dumpdir' 'a.'


Compilation of the Fortran compiler identification source "CMakeFortranCompilerId.F" produced "a.exe"

The Fortran compiler identification is GNU, found in "F:/Course/fem/BUILD/release/CMakeFiles/3.24.2/CompilerIdFortran/a.exe"

Compiling the Fortran compiler identification source file "CMakeFortranCompilerId.F" succeeded.
Compiler: C:/mingw64/bin/gfortran.exe 
Build flags: 
Id flags: -v 

The output was:
0
Driving: C:/mingw64/bin/gfortran.exe -v CMakeFortranCompilerId.F -l gfortran -shared-libgcc
Using built-in specs.
COLLECT_GCC=C:/mingw64/bin/gfortran.exe
COLLECT_LTO_WRAPPER=c:/mingw64/bin/../libexec/gcc/x86_64-w64-mingw32/12.2.0/lto-wrapper.exe
OFFLOAD_TARGET_NAMES=nvptx-none
Target: x86_64-w64-mingw32
Configured with: ../configure --prefix=/r/winlibs64-11.3.0ucrt/2604.gcc/inst_gcc-12.2.0/share/gcc --build=x86_64-w64-mingw32 --host=x86_64-w64-mingw32 --enable-offload-targets=nvptx-none --with-pkgversion='MinGW-W64 x86_64-ucrt-posix-seh, built by Brecht Sanders' --with-tune=generic --enable-checking=release --enable-threads=posix --disable-sjlj-exceptions --disable-libunwind-exceptions --disable-serial-configure --disable-bootstrap --enable-host-shared --enable-plugin --disable-default-ssp --disable-rpath --disable-libstdcxx-debug --disable-version-specific-runtime-libs --with-stabs --disable-symvers --enable-languages=c,c++,fortran,lto,objc,obj-c++,jit --disable-gold --disable-nls --disable-stage1-checking --disable-win32-registry --disable-multilib --enable-ld --enable-libquadmath --enable-libada --enable-libssp --enable-libstdcxx --enable-lto --enable-fully-dynamic-string --enable-libgomp --enable-graphite --enable-mingw-wildcard --enable-libstdcxx-time --disable-libstdcxx-pch --with-mpc=/e/Prog/winlibs64-11.3.0ucrt/custombuilt --with-mpfr=/e/Prog/winlibs64-11.3.0ucrt/custombuilt --with-gmp=/e/Prog/winlibs64-11.3.0ucrt/custombuilt --with-isl=/e/Prog/winlibs64-11.3.0ucrt/custombuilt --enable-libstdcxx-backtrace --enable-install-libiberty --enable-__cxa_atexit --without-included-gettext --with-diagnostics-color=auto --enable-clocale=generic --with-libiconv --with-system-zlib --with-build-sysroot=/r/winlibs64-11.3.0ucrt/2604.gcc/gcc-12.2.0/build_mingw/mingw-w64 CFLAGS='-I/e/Prog/winlibs64-11.3.0ucrt/custombuilt/include/libdl-win32 -D__USE_MINGW_ACCESS' CXXFLAGS=-D__USE_MINGW_ACCESS LDFLAGS='-Wl,--disable-nxcompat -Wl,--disable-high-entropy-va -Wl,--disable-dynamicbase'
Thread model: posix
Supported LTO compression algorithms: zlib zstd
gcc version 12.2.0 (MinGW-W64 x86_64-ucrt-posix-seh, built by Brecht Sanders) 
COLLECT_GCC_OPTIONS='-v' '-shared-libgcc' '-mtune=generic' '-march=x86-64' '-dumpdir' 'a-'
 c:/mingw64/bin/../libexec/gcc/x86_64-w64-mingw32/12.2.0/f951.exe CMakeFortranCompilerId.F -ffixed-form -cpp=C:\Users\sunrise\AppData\Local\Temp\ccUMLBPc.f90 -quiet -v -iprefix c:\mingw64\bin\../lib/gcc/x86_64-w64-mingw32/12.2.0/ -D_REENTRANT CMakeFortranCompilerId.F -quiet -dumpdir a- -dumpbase CMakeFortranCompilerId.F -dumpbase-ext .F -mtune=generic -march=x86-64 -version -fintrinsic-modules-path c:/mingw64/bin/../lib/gcc/x86_64-w64-mingw32/12.2.0/finclude -o C:\Users\sunrise\AppData\Local\Temp\ccGoyvuf.s
GNU Fortran (MinGW-W64 x86_64-ucrt-posix-seh, built by Brecht Sanders) version 12.2.0 (x86_64-w64-mingw32)
	compiled by GNU C version 12.2.0, GMP version 6.2.1, MPFR version 4.1.0, MPC version 1.2.1, isl version UNKNOWN-GMP

GGC heuristics: --param ggc-min-expand=100 --param ggc-min-heapsize=131072
ignoring duplicate directory "c:/mingw64/lib/gcc/../../lib/gcc/x86_64-w64-mingw32/12.2.0/include"
ignoring nonexistent directory "R:/winlibs64-11.3.0ucrt/2604.gcc/inst_gcc-12.2.0/share/gcc/include"
ignoring nonexistent directory "/r/winlibs64-11.3.0ucrt/2604.gcc/inst_gcc-12.2.0/share/gcc/include"
ignoring duplicate directory "c:/mingw64/lib/gcc/../../lib/gcc/x86_64-w64-mingw32/12.2.0/include-fixed"
ignoring duplicate directory "c:/mingw64/lib/gcc/../../lib/gcc/x86_64-w64-mingw32/12.2.0/../../../../x86_64-w64-mingw32/include"
ignoring nonexistent directory "/mingw/include"
#include "..." search starts here:
#include <...> search starts here:
 c:/mingw64/bin/../lib/gcc/x86_64-w64-mingw32/12.2.0/finclude
 c:\mingw64\bin\../lib/gcc/x86_64-w64-mingw32/12.2.0/include
 c:\mingw64\bin\../lib/gcc/x86_64-w64-mingw32/12.2.0/../../../../include
 c:\mingw64\bin\../lib/gcc/x86_64-w64-mingw32/12.2.0/include-fixed
 c:\mingw64\bin\../lib/gcc/x86_64-w64-mingw32/12.2.0/../../../../x86_64-w64-mingw32/include
End of search list.
GNU Fortran2008 (MinGW-W64 x86_64-ucrt-posix-seh, built by Brecht Sanders) version 12.2.0 (x86_64-w64-mingw32)
	compiled by GNU C version 12.2.0, GMP version 6.2.1, MPFR version 4.1.0, MPC version 1.2.1, isl version UNKNOWN-GMP

GGC heuristics: --param ggc-min-expand=100 --param ggc-min-heapsize=131072
COLLECT_GCC_OPTIONS='-v' '-shared-libgcc' '-mtune=generic' '-march=x86-64' '-dumpdir' 'a-'
 c:/mingw64/bin/../lib/gcc/x86_64-w64-mingw32/12.2.0/../../../../x86_64-w64-mingw32/bin/as.exe -v -o C:\Users\sunrise\AppData\Local\Temp\ccy7kCcm.o C:\Users\sunrise\AppData\Local\Temp\ccGoyvuf.s
GNU assembler version 2.39 (x86_64-w64-mingw32) using BFD version (Binutils for MinGW-W64 x86_64, built by Brecht Sanders) 2.39
Reading specs from c:/mingw64/bin/../lib/gcc/x86_64-w64-mingw32/12.2.0/../../../../lib/libgfortran.spec
rename spec lib to liborig
COLLECT_GCC_OPTIONS='-v' '-shared-libgcc' '-mtune=generic' '-march=x86-64' '-dumpdir' 'a-'
COMPILER_PATH=c:/mingw64/bin/../libexec/gcc/x86_64-w64-mingw32/12.2.0/;c:/mingw64/bin/../libexec/gcc/;c:/mingw64/bin/../lib/gcc/x86_64-w64-mingw32/12.2.0/../../../../x86_64-w64-mingw32/bin/
LIBRARY_PATH=c:/mingw64/bin/../lib/gcc/x86_64-w64-mingw32/12.2.0/;c:/mingw64/bin/../lib/gcc/;c:/mingw64/bin/../lib/gcc/x86_64-w64-mingw32/12.2.0/../../../../x86_64-w64-mingw32/lib/../lib/;c:/mingw64/bin/../lib/gcc/x86_64-w64-mingw32/12.2.0/../../../../lib/;c:/mingw64/bin/../lib/gcc/x86_64-w64-mingw32/12.2.0/../../../../x86_64-w64-mingw32/lib/;c:/mingw64/bin/../lib/gcc/x86_64-w64-mingw32/12.2.0/../../../
COLLECT_GCC_OPTIONS='-v' '-shared-libgcc' '-mtune=generic' '-march=x86-64' '-dumpdir' 'a.'
 c:/mingw64/bin/../libexec/gcc/x86_64-w64-mingw32/12.2.0/collect2.exe -plugin c:/mingw64/bin/../libexec/gcc/x86_64-w64-mingw32/12.2.0/liblto_plugin.dll -plugin-opt=c:/mingw64/bin/../libexec/gcc/x86_64-w64-mingw32/12.2.0/lto-wrapper.exe -plugin-opt=-fresolution=C:\Users\sunrise\AppData\Local\Temp\cc1mvJwo.res -plugin-opt=-pass-through=-lmingw32 -plugin-opt=-pass-through=-lgcc_s -plugin-opt=-pass-through=-lgcc -plugin-opt=-pass-through=-lmoldname -plugin-opt=-pass-through=-lmingwex -plugin-opt=-pass-through=-lmsvcrt -plugin-opt=-pass-through=-lkernel32 -plugin-opt=-pass-through=-lquadmath -plugin-opt=-pass-through=-lm -plugin-opt=-pass-through=-lmingw32 -plugin-opt=-pass-through=-lgcc_s -plugin-opt=-pass-through=-lgcc -plugin-opt=-pass-through=-lmoldname -plugin-opt=-pass-through=-lmingwex -plugin-opt=-pass-through=-lmsvcrt -plugin-opt=-pass-through=-lkernel32 -plugin-opt=-pass-through=-lpthread -plugin-opt=-pass-through=-ladvapi32 -plugin-opt=-pass-through=-lshell32 -plugin-opt=-pass-through=-luser32 -plugin-opt=-pass-through=-lkernel32 -plugin-opt=-pass-through=-lmingw32 -plugin-opt=-pass-through=-lgcc_s -plugin-opt=-pass-through=-lgcc -plugin-opt=-pass-through=-lmoldname -plugin-opt=-pass-through=-lmingwex -plugin-opt=-pass-through=-lmsvcrt -plugin-opt=-pass-through=-lkernel32 -m i386pep -Bdynamic c:/mingw64/bin/../lib/gcc/x86_64-w64-mingw32/12.2.0/../../../../x86_64-w64-mingw32/lib/../lib/crt2.o c:/mingw64/bin/../lib/gcc/x86_64-w64-mingw32/12.2.0/crtbegin.o -Lc:/mingw64/bin/../lib/gcc/x86_64-w64-mingw32/12.2.0 -Lc:/mingw64/bin/../lib/gcc -Lc:/mingw64/bin/../lib/gcc/x86_64-w64-mingw32/12.2.0/../../../../x86_64-w64-mingw32/lib/../lib -Lc:/mingw64/bin/../lib/gcc/x86_64-w64-mingw32/12.2.0/../../../../lib -Lc:/mingw64/bin/../lib/gcc/x86_64-w64-mingw32/12.2.0/../../../../x86_64-w64-mingw32/lib -Lc:/mingw64/bin/../lib/gcc/x86_64-w64-mingw32/12.2.0/../../.. C:\Users\sunrise\AppData\Local\Temp\ccy7kCcm.o -lgfortran -lmingw32 -lgcc_s -lgcc -lmoldname -lmingwex -lmsvcrt -lkernel32 -lquadmath -lm -lmingw32 -lgcc_s -lgcc -lmoldname -lmingwex -lmsvcrt -lkernel32 -lpthread -ladvapi32 -lshell32 -luser32 -lkernel32 -lmingw32 -lgcc_s -lgcc -lmoldname -lmingwex -lmsvcrt -lkernel32 c:/mingw64/bin/../lib/gcc/x86_64-w64-mingw32/12.2.0/crtend.o
COLLECT_GCC_OPTIONS='-v' '-shared-libgcc' '-mtune=generic' '-march=x86-64' '-dumpdir' 'a.'


Compilation of the Fortran compiler identification source "CMakeFortranCompilerId.F" produced "a.exe"

The Fortran compiler identification is GNU, found in "F:/Course/fem/BUILD/release/CMakeFiles/3.24.2/CompilerIdFortran/a.exe"

